{"D:\\ReactProject\\AIcoldstorage\\backend\\app.js": {"path":"D:\\ReactProject\\AIcoldstorage\\backend\\app.js","statementMap":{"0":{"start":{"line":11,"column":0},"end":{"line":11,"column":16}},"1":{"start":{"line":13,"column":12},"end":{"line":13,"column":21}},"2":{"start":{"line":15,"column":0},"end":{"line":18,"column":4}},"3":{"start":{"line":20,"column":0},"end":{"line":20,"column":24}},"4":{"start":{"line":23,"column":0},"end":{"line":23,"column":33}},"5":{"start":{"line":24,"column":0},"end":{"line":24,"column":38}},"6":{"start":{"line":25,"column":0},"end":{"line":25,"column":29}},"7":{"start":{"line":26,"column":0},"end":{"line":26,"column":43}},"8":{"start":{"line":28,"column":0},"end":{"line":30,"column":3}},"9":{"start":{"line":29,"column":2},"end":{"line":29,"column":43}},"10":{"start":{"line":32,"column":0},"end":{"line":39,"column":3}},"11":{"start":{"line":34,"column":2},"end":{"line":37,"column":5}}},"fnMap":{"0":{"name":"(anonymous_0)","decl":{"start":{"line":28,"column":13},"end":{"line":28,"column":14}},"loc":{"start":{"line":28,"column":27},"end":{"line":30,"column":1}},"line":28},"1":{"name":"(anonymous_1)","decl":{"start":{"line":32,"column":42},"end":{"line":32,"column":43}},"loc":{"start":{"line":32,"column":56},"end":{"line":39,"column":1}},"line":32}},"branchMap":{"0":{"loc":{"start":{"line":16,"column":10},"end":{"line":16,"column":60}},"type":"binary-expr","locations":[{"start":{"line":16,"column":10},"end":{"line":16,"column":33}},{"start":{"line":16,"column":37},"end":{"line":16,"column":60}}],"line":16}},"s":{"0":2,"1":2,"2":2,"3":2,"4":2,"5":2,"6":2,"7":2,"8":2,"9":1,"10":2,"11":1},"f":{"0":1,"1":1},"b":{"0":[2,0]},"_coverageSchema":"1a1c01bbd47fc00a2c39e90264f33305004495a9","hash":"c0f83802ce6f8190e8fe35ef2bcc549836ef3d45"}
,"D:\\ReactProject\\AIcoldstorage\\backend\\config\\db.js": {"path":"D:\\ReactProject\\AIcoldstorage\\backend\\config\\db.js","statementMap":{"0":{"start":{"line":4,"column":0},"end":{"line":4,"column":16}},"1":{"start":{"line":6,"column":15},"end":{"line":20,"column":1}},"2":{"start":{"line":22,"column":11},"end":{"line":22,"column":15}},"3":{"start":{"line":25,"column":23},"end":{"line":31,"column":1}},"4":{"start":{"line":26,"column":2},"end":{"line":29,"column":3}},"5":{"start":{"line":27,"column":4},"end":{"line":27,"column":37}},"6":{"start":{"line":28,"column":4},"end":{"line":28,"column":32}},"7":{"start":{"line":30,"column":2},"end":{"line":30,"column":14}}},"fnMap":{"0":{"name":"(anonymous_0)","decl":{"start":{"line":25,"column":23},"end":{"line":25,"column":24}},"loc":{"start":{"line":25,"column":35},"end":{"line":31,"column":1}},"line":25}},"branchMap":{"0":{"loc":{"start":{"line":26,"column":2},"end":{"line":29,"column":3}},"type":"if","locations":[{"start":{"line":26,"column":2},"end":{"line":29,"column":3}},{"start":{},"end":{}}],"line":26}},"s":{"0":2,"1":2,"2":2,"3":2,"4":0,"5":0,"6":0,"7":0},"f":{"0":0},"b":{"0":[0,0]},"_coverageSchema":"1a1c01bbd47fc00a2c39e90264f33305004495a9","hash":"23646d278f5d6c446a5599a875688b1af1db188f"}
,"D:\\ReactProject\\AIcoldstorage\\backend\\controllers\\authController.js": {"path":"D:\\ReactProject\\AIcoldstorage\\backend\\controllers\\authController.js","statementMap":{"0":{"start":{"line":4,"column":0},"end":{"line":4,"column":16}},"1":{"start":{"line":6,"column":19},"end":{"line":6,"column":26}},"2":{"start":{"line":7,"column":19},"end":{"line":7,"column":29}},"3":{"start":{"line":9,"column":21},"end":{"line":28,"column":1}},"4":{"start":{"line":10,"column":2},"end":{"line":27,"column":3}},"5":{"start":{"line":11,"column":35},"end":{"line":11,"column":43}},"6":{"start":{"line":13,"column":4},"end":{"line":15,"column":5}},"7":{"start":{"line":14,"column":6},"end":{"line":14,"column":70}},"8":{"start":{"line":17,"column":18},"end":{"line":21,"column":5}},"9":{"start":{"line":23,"column":4},"end":{"line":23,"column":24}},"10":{"start":{"line":26,"column":4},"end":{"line":26,"column":54}}},"fnMap":{"0":{"name":"(anonymous_0)","decl":{"start":{"line":9,"column":21},"end":{"line":9,"column":22}},"loc":{"start":{"line":9,"column":41},"end":{"line":28,"column":1}},"line":9}},"branchMap":{"0":{"loc":{"start":{"line":13,"column":4},"end":{"line":15,"column":5}},"type":"if","locations":[{"start":{"line":13,"column":4},"end":{"line":15,"column":5}},{"start":{},"end":{}}],"line":13},"1":{"loc":{"start":{"line":13,"column":8},"end":{"line":13,"column":58}},"type":"binary-expr","locations":[{"start":{"line":13,"column":8},"end":{"line":13,"column":31}},{"start":{"line":13,"column":35},"end":{"line":13,"column":58}}],"line":13}},"s":{"0":2,"1":2,"2":2,"3":2,"4":1,"5":1,"6":1,"7":0,"8":1,"9":1,"10":0},"f":{"0":1},"b":{"0":[0,1],"1":[1,1]},"_coverageSchema":"1a1c01bbd47fc00a2c39e90264f33305004495a9","hash":"8b78fe5f58ddf456f2f199a01d8c7745acff8cfe"}
,"D:\\ReactProject\\AIcoldstorage\\backend\\controllers\\reportController.js": {"path":"D:\\ReactProject\\AIcoldstorage\\backend\\controllers\\reportController.js","statementMap":{"0":{"start":{"line":8,"column":28},"end":{"line":22,"column":1}},"1":{"start":{"line":9,"column":2},"end":{"line":21,"column":3}},"2":{"start":{"line":10,"column":4},"end":{"line":10,"column":37}},"3":{"start":{"line":12,"column":17},"end":{"line":12,"column":49}},"4":{"start":{"line":13,"column":4},"end":{"line":13,"column":19}},"5":{"start":{"line":16,"column":4},"end":{"line":16,"column":45}},"6":{"start":{"line":17,"column":4},"end":{"line":20,"column":7}},"7":{"start":{"line":24,"column":29},"end":{"line":31,"column":1}},"8":{"start":{"line":25,"column":2},"end":{"line":30,"column":3}},"9":{"start":{"line":26,"column":17},"end":{"line":26,"column":50}},"10":{"start":{"line":27,"column":4},"end":{"line":27,"column":19}},"11":{"start":{"line":29,"column":4},"end":{"line":29,"column":71}},"12":{"start":{"line":33,"column":41},"end":{"line":51,"column":1}},"13":{"start":{"line":34,"column":2},"end":{"line":50,"column":3}},"14":{"start":{"line":36,"column":4},"end":{"line":36,"column":59}},"15":{"start":{"line":38,"column":17},"end":{"line":38,"column":62}},"16":{"start":{"line":40,"column":4},"end":{"line":40,"column":19}},"17":{"start":{"line":44,"column":4},"end":{"line":44,"column":56}},"18":{"start":{"line":46,"column":4},"end":{"line":49,"column":7}},"19":{"start":{"line":53,"column":30},"end":{"line":61,"column":1}},"20":{"start":{"line":54,"column":2},"end":{"line":60,"column":3}},"21":{"start":{"line":55,"column":17},"end":{"line":55,"column":42}},"22":{"start":{"line":56,"column":4},"end":{"line":56,"column":19}},"23":{"start":{"line":58,"column":4},"end":{"line":58,"column":21}},"24":{"start":{"line":59,"column":4},"end":{"line":59,"column":57}}},"fnMap":{"0":{"name":"(anonymous_0)","decl":{"start":{"line":8,"column":28},"end":{"line":8,"column":29}},"loc":{"start":{"line":8,"column":48},"end":{"line":22,"column":1}},"line":8},"1":{"name":"(anonymous_1)","decl":{"start":{"line":24,"column":29},"end":{"line":24,"column":30}},"loc":{"start":{"line":24,"column":49},"end":{"line":31,"column":1}},"line":24},"2":{"name":"(anonymous_2)","decl":{"start":{"line":33,"column":41},"end":{"line":33,"column":42}},"loc":{"start":{"line":33,"column":61},"end":{"line":51,"column":1}},"line":33},"3":{"name":"(anonymous_3)","decl":{"start":{"line":53,"column":30},"end":{"line":53,"column":31}},"loc":{"start":{"line":53,"column":50},"end":{"line":61,"column":1}},"line":53}},"branchMap":{},"s":{"0":2,"1":0,"2":0,"3":0,"4":0,"5":0,"6":0,"7":2,"8":0,"9":0,"10":0,"11":0,"12":2,"13":0,"14":0,"15":0,"16":0,"17":0,"18":0,"19":2,"20":0,"21":0,"22":0,"23":0,"24":0},"f":{"0":0,"1":0,"2":0,"3":0},"b":{},"_coverageSchema":"1a1c01bbd47fc00a2c39e90264f33305004495a9","hash":"97ee64d19a3e8e48331fc5752f3768447166b83e"}
,"D:\\ReactProject\\AIcoldstorage\\backend\\middleware\\authMiddleware.js": {"path":"D:\\ReactProject\\AIcoldstorage\\backend\\middleware\\authMiddleware.js","statementMap":{"0":{"start":{"line":4,"column":0},"end":{"line":4,"column":16}},"1":{"start":{"line":6,"column":30},"end":{"line":26,"column":1}},"2":{"start":{"line":7,"column":16},"end":{"line":7,"column":56}},"3":{"start":{"line":9,"column":2},"end":{"line":11,"column":3}},"4":{"start":{"line":10,"column":4},"end":{"line":10,"column":66}},"5":{"start":{"line":13,"column":2},"end":{"line":25,"column":3}},"6":{"start":{"line":14,"column":20},"end":{"line":14,"column":61}},"7":{"start":{"line":16,"column":4},"end":{"line":18,"column":5}},"8":{"start":{"line":17,"column":6},"end":{"line":17,"column":64}},"9":{"start":{"line":20,"column":4},"end":{"line":20,"column":23}},"10":{"start":{"line":21,"column":4},"end":{"line":21,"column":11}},"11":{"start":{"line":24,"column":4},"end":{"line":24,"column":62}}},"fnMap":{"0":{"name":"(anonymous_0)","decl":{"start":{"line":6,"column":30},"end":{"line":6,"column":31}},"loc":{"start":{"line":6,"column":50},"end":{"line":26,"column":1}},"line":6}},"branchMap":{"0":{"loc":{"start":{"line":9,"column":2},"end":{"line":11,"column":3}},"type":"if","locations":[{"start":{"line":9,"column":2},"end":{"line":11,"column":3}},{"start":{},"end":{}}],"line":9},"1":{"loc":{"start":{"line":16,"column":4},"end":{"line":18,"column":5}},"type":"if","locations":[{"start":{"line":16,"column":4},"end":{"line":18,"column":5}},{"start":{},"end":{}}],"line":16}},"s":{"0":2,"1":2,"2":3,"3":3,"4":1,"5":2,"6":2,"7":1,"8":0,"9":1,"10":1,"11":1},"f":{"0":3},"b":{"0":[1,2],"1":[0,1]},"_coverageSchema":"1a1c01bbd47fc00a2c39e90264f33305004495a9","hash":"a979ec694b5eb1778a6d4bba3c000f041e34d9bb"}
,"D:\\ReactProject\\AIcoldstorage\\backend\\routes\\aiRoutes.js": {"path":"D:\\ReactProject\\AIcoldstorage\\backend\\routes\\aiRoutes.js","statementMap":{"0":{"start":{"line":4,"column":15},"end":{"line":4,"column":31}},"1":{"start":{"line":6,"column":0},"end":{"line":6,"column":33}}},"fnMap":{},"branchMap":{},"s":{"0":2,"1":2},"f":{},"b":{},"_coverageSchema":"1a1c01bbd47fc00a2c39e90264f33305004495a9","hash":"61419382dc427266533fceb62fb4a70b663c7f38"}
,"D:\\ReactProject\\AIcoldstorage\\backend\\routes\\authRoutes.js": {"path":"D:\\ReactProject\\AIcoldstorage\\backend\\routes\\authRoutes.js","statementMap":{"0":{"start":{"line":4,"column":15},"end":{"line":4,"column":31}},"1":{"start":{"line":6,"column":0},"end":{"line":6,"column":29}}},"fnMap":{},"branchMap":{},"s":{"0":2,"1":2},"f":{},"b":{},"_coverageSchema":"1a1c01bbd47fc00a2c39e90264f33305004495a9","hash":"5e373e1039f6e5c9b80b377726d179105aabef72"}
,"D:\\ReactProject\\AIcoldstorage\\backend\\routes\\dashboardRoutes.js": {"path":"D:\\ReactProject\\AIcoldstorage\\backend\\routes\\dashboardRoutes.js","statementMap":{"0":{"start":{"line":4,"column":15},"end":{"line":4,"column":31}},"1":{"start":{"line":10,"column":0},"end":{"line":38,"column":3}},"2":{"start":{"line":11,"column":2},"end":{"line":37,"column":3}},"3":{"start":{"line":12,"column":17},"end":{"line":12,"column":32}},"4":{"start":{"line":14,"column":19},"end":{"line":16,"column":6}},"5":{"start":{"line":18,"column":20},"end":{"line":20,"column":6}},"6":{"start":{"line":22,"column":18},"end":{"line":26,"column":6}},"7":{"start":{"line":28,"column":4},"end":{"line":32,"column":7}},"8":{"start":{"line":35,"column":4},"end":{"line":35,"column":49}},"9":{"start":{"line":36,"column":4},"end":{"line":36,"column":54}},"10":{"start":{"line":44,"column":0},"end":{"line":82,"column":3}},"11":{"start":{"line":45,"column":2},"end":{"line":81,"column":3}},"12":{"start":{"line":46,"column":17},"end":{"line":46,"column":32}},"13":{"start":{"line":48,"column":19},"end":{"line":74,"column":6}},"14":{"start":{"line":76,"column":4},"end":{"line":76,"column":31}},"15":{"start":{"line":79,"column":4},"end":{"line":79,"column":45}},"16":{"start":{"line":80,"column":4},"end":{"line":80,"column":54}}},"fnMap":{"0":{"name":"(anonymous_0)","decl":{"start":{"line":10,"column":23},"end":{"line":10,"column":24}},"loc":{"start":{"line":10,"column":43},"end":{"line":38,"column":1}},"line":10},"1":{"name":"(anonymous_1)","decl":{"start":{"line":44,"column":29},"end":{"line":44,"column":30}},"loc":{"start":{"line":44,"column":49},"end":{"line":82,"column":1}},"line":44}},"branchMap":{},"s":{"0":2,"1":2,"2":0,"3":0,"4":0,"5":0,"6":0,"7":0,"8":0,"9":0,"10":2,"11":0,"12":0,"13":0,"14":0,"15":0,"16":0},"f":{"0":0,"1":0},"b":{},"_coverageSchema":"1a1c01bbd47fc00a2c39e90264f33305004495a9","hash":"dea1419f0c489b6ae7da0259cf0d811eff1469a6"}
,"D:\\ReactProject\\AIcoldstorage\\backend\\routes\\reportRoutes.js": {"path":"D:\\ReactProject\\AIcoldstorage\\backend\\routes\\reportRoutes.js","statementMap":{"0":{"start":{"line":10,"column":15},"end":{"line":10,"column":31}},"1":{"start":{"line":12,"column":0},"end":{"line":16,"column":2}},"2":{"start":{"line":18,"column":0},"end":{"line":22,"column":2}},"3":{"start":{"line":25,"column":0},"end":{"line":29,"column":2}},"4":{"start":{"line":31,"column":0},"end":{"line":31,"column":63}}},"fnMap":{},"branchMap":{},"s":{"0":2,"1":2,"2":2,"3":2,"4":2},"f":{},"b":{},"_coverageSchema":"1a1c01bbd47fc00a2c39e90264f33305004495a9","hash":"b3bbe413dfee462065e8eef199edbf43a8401acd"}
,"D:\\ReactProject\\AIcoldstorage\\backend\\services\\aiService.js": {"path":"D:\\ReactProject\\AIcoldstorage\\backend\\services\\aiService.js","statementMap":{"0":{"start":{"line":16,"column":2},"end":{"line":34,"column":12}},"1":{"start":{"line":41,"column":26},"end":{"line":308,"column":1}},"2":{"start":{"line":46,"column":2},"end":{"line":307,"column":3}},"3":{"start":{"line":48,"column":25},"end":{"line":48,"column":33}},"4":{"start":{"line":54,"column":4},"end":{"line":66,"column":5}},"5":{"start":{"line":56,"column":6},"end":{"line":65,"column":9}},"6":{"start":{"line":68,"column":4},"end":{"line":70,"column":6}},"7":{"start":{"line":72,"column":4},"end":{"line":74,"column":6}},"8":{"start":{"line":76,"column":4},"end":{"line":76,"column":26}},"9":{"start":{"line":83,"column":6},"end":{"line":83,"column":28}},"10":{"start":{"line":85,"column":4},"end":{"line":88,"column":6}},"11":{"start":{"line":94,"column":4},"end":{"line":111,"column":5}},"12":{"start":{"line":98,"column":6},"end":{"line":110,"column":9}},"13":{"start":{"line":118,"column":6},"end":{"line":121,"column":7}},"14":{"start":{"line":123,"column":4},"end":{"line":138,"column":5}},"15":{"start":{"line":125,"column":6},"end":{"line":137,"column":9}},"16":{"start":{"line":140,"column":4},"end":{"line":142,"column":6}},"17":{"start":{"line":144,"column":4},"end":{"line":144,"column":21}},"18":{"start":{"line":151,"column":6},"end":{"line":151,"column":22}},"19":{"start":{"line":157,"column":4},"end":{"line":189,"column":5}},"20":{"start":{"line":159,"column":6},"end":{"line":161,"column":8}},"21":{"start":{"line":163,"column":25},"end":{"line":180,"column":1}},"22":{"start":{"line":182,"column":6},"end":{"line":185,"column":8}},"23":{"start":{"line":187,"column":6},"end":{"line":188,"column":25}},"24":{"start":{"line":195,"column":4},"end":{"line":210,"column":5}},"25":{"start":{"line":197,"column":6},"end":{"line":209,"column":9}},"26":{"start":{"line":217,"column":6},"end":{"line":217,"column":25}},"27":{"start":{"line":219,"column":4},"end":{"line":222,"column":6}},"28":{"start":{"line":229,"column":6},"end":{"line":235,"column":8}},"29":{"start":{"line":241,"column":4},"end":{"line":247,"column":5}},"30":{"start":{"line":243,"column":6},"end":{"line":246,"column":10}},"31":{"start":{"line":249,"column":4},"end":{"line":255,"column":5}},"32":{"start":{"line":251,"column":6},"end":{"line":254,"column":10}},"33":{"start":{"line":257,"column":4},"end":{"line":263,"column":5}},"34":{"start":{"line":259,"column":6},"end":{"line":262,"column":10}},"35":{"start":{"line":269,"column":4},"end":{"line":287,"column":7}},"36":{"start":{"line":291,"column":4},"end":{"line":294,"column":6}},"37":{"start":{"line":296,"column":4},"end":{"line":306,"column":7}}},"fnMap":{"0":{"name":"cleanAIText","decl":{"start":{"line":14,"column":9},"end":{"line":14,"column":20}},"loc":{"start":{"line":14,"column":32},"end":{"line":35,"column":1}},"line":14},"1":{"name":"(anonymous_1)","decl":{"start":{"line":41,"column":26},"end":{"line":41,"column":27}},"loc":{"start":{"line":44,"column":5},"end":{"line":308,"column":1}},"line":44}},"branchMap":{"0":{"loc":{"start":{"line":14,"column":21},"end":{"line":14,"column":30}},"type":"default-arg","locations":[{"start":{"line":14,"column":28},"end":{"line":14,"column":30}}],"line":14},"1":{"loc":{"start":{"line":54,"column":4},"end":{"line":66,"column":5}},"type":"if","locations":[{"start":{"line":54,"column":4},"end":{"line":66,"column":5}},{"start":{},"end":{}}],"line":54},"2":{"loc":{"start":{"line":94,"column":4},"end":{"line":111,"column":5}},"type":"if","locations":[{"start":{"line":94,"column":4},"end":{"line":111,"column":5}},{"start":{},"end":{}}],"line":94},"3":{"loc":{"start":{"line":123,"column":4},"end":{"line":138,"column":5}},"type":"if","locations":[{"start":{"line":123,"column":4},"end":{"line":138,"column":5}},{"start":{},"end":{}}],"line":123},"4":{"loc":{"start":{"line":157,"column":4},"end":{"line":189,"column":5}},"type":"if","locations":[{"start":{"line":157,"column":4},"end":{"line":189,"column":5}},{"start":{},"end":{}}],"line":157},"5":{"loc":{"start":{"line":195,"column":4},"end":{"line":210,"column":5}},"type":"if","locations":[{"start":{"line":195,"column":4},"end":{"line":210,"column":5}},{"start":{},"end":{}}],"line":195},"6":{"loc":{"start":{"line":221,"column":6},"end":{"line":221,"column":23}},"type":"binary-expr","locations":[{"start":{"line":221,"column":6},"end":{"line":221,"column":18}},{"start":{"line":221,"column":22},"end":{"line":221,"column":23}}],"line":221},"7":{"loc":{"start":{"line":241,"column":4},"end":{"line":247,"column":5}},"type":"if","locations":[{"start":{"line":241,"column":4},"end":{"line":247,"column":5}},{"start":{},"end":{}}],"line":241},"8":{"loc":{"start":{"line":249,"column":4},"end":{"line":255,"column":5}},"type":"if","locations":[{"start":{"line":249,"column":4},"end":{"line":255,"column":5}},{"start":{},"end":{}}],"line":249},"9":{"loc":{"start":{"line":257,"column":4},"end":{"line":263,"column":5}},"type":"if","locations":[{"start":{"line":257,"column":4},"end":{"line":263,"column":5}},{"start":{},"end":{}}],"line":257},"10":{"loc":{"start":{"line":279,"column":10},"end":{"line":279,"column":27}},"type":"binary-expr","locations":[{"start":{"line":279,"column":10},"end":{"line":279,"column":22}},{"start":{"line":279,"column":26},"end":{"line":279,"column":27}}],"line":279},"11":{"loc":{"start":{"line":281,"column":12},"end":{"line":283,"column":14}},"type":"cond-expr","locations":[{"start":{"line":282,"column":12},"end":{"line":282,"column":19}},{"start":{"line":283,"column":12},"end":{"line":283,"column":14}}],"line":281}},"s":{"0":0,"1":2,"2":0,"3":0,"4":0,"5":0,"6":0,"7":0,"8":0,"9":0,"10":0,"11":0,"12":0,"13":0,"14":0,"15":0,"16":0,"17":0,"18":0,"19":0,"20":0,"21":0,"22":0,"23":0,"24":0,"25":0,"26":0,"27":0,"28":0,"29":0,"30":0,"31":0,"32":0,"33":0,"34":0,"35":0,"36":0,"37":0},"f":{"0":0,"1":0},"b":{"0":[0],"1":[0,0],"2":[0,0],"3":[0,0],"4":[0,0],"5":[0,0],"6":[0,0],"7":[0,0],"8":[0,0],"9":[0,0],"10":[0,0],"11":[0,0]},"_coverageSchema":"1a1c01bbd47fc00a2c39e90264f33305004495a9","hash":"c29beae23d90b829bf0a75838cd9c2c6f2849f34"}
,"D:\\ReactProject\\AIcoldstorage\\backend\\services\\geminiService.js": {"path":"D:\\ReactProject\\AIcoldstorage\\backend\\services\\geminiService.js","statementMap":{"0":{"start":{"line":6,"column":0},"end":{"line":6,"column":16}},"1":{"start":{"line":13,"column":2},"end":{"line":15,"column":3}},"2":{"start":{"line":18,"column":2},"end":{"line":20,"column":4}},"3":{"start":{"line":31,"column":2},"end":{"line":266,"column":3}},"4":{"start":{"line":33,"column":19},"end":{"line":168,"column":1}},"5":{"start":{"line":175,"column":6},"end":{"line":177,"column":7}},"6":{"start":{"line":180,"column":6},"end":{"line":180,"column":27}},"7":{"start":{"line":183,"column":6},"end":{"line":183,"column":21}},"8":{"start":{"line":189,"column":4},"end":{"line":199,"column":14}},"9":{"start":{"line":201,"column":4},"end":{"line":203,"column":6}},"10":{"start":{"line":205,"column":4},"end":{"line":205,"column":21}},"11":{"start":{"line":212,"column":6},"end":{"line":212,"column":23}},"12":{"start":{"line":216,"column":4},"end":{"line":226,"column":5}},"13":{"start":{"line":220,"column":6},"end":{"line":223,"column":8}},"14":{"start":{"line":225,"column":6},"end":{"line":225,"column":16}},"15":{"start":{"line":230,"column":25},"end":{"line":239,"column":5}},"16":{"start":{"line":242,"column":6},"end":{"line":244,"column":7}},"17":{"start":{"line":243,"column":8},"end":{"line":243,"column":28}},"18":{"start":{"line":246,"column":4},"end":{"line":254,"column":5}},"19":{"start":{"line":248,"column":6},"end":{"line":251,"column":8}},"20":{"start":{"line":253,"column":6},"end":{"line":253,"column":16}},"21":{"start":{"line":256,"column":4},"end":{"line":256,"column":15}},"22":{"start":{"line":260,"column":4},"end":{"line":263,"column":6}},"23":{"start":{"line":265,"column":4},"end":{"line":265,"column":14}}},"fnMap":{"0":{"name":"generateSQL","decl":{"start":{"line":26,"column":22},"end":{"line":26,"column":33}},"loc":{"start":{"line":29,"column":2},"end":{"line":267,"column":1}},"line":29},"1":{"name":"(anonymous_1)","decl":{"start":{"line":242,"column":24},"end":{"line":242,"column":25}},"loc":{"start":{"line":243,"column":8},"end":{"line":243,"column":28}},"line":243}},"branchMap":{"0":{"loc":{"start":{"line":216,"column":4},"end":{"line":226,"column":5}},"type":"if","locations":[{"start":{"line":216,"column":4},"end":{"line":226,"column":5}},{"start":{},"end":{}}],"line":216},"1":{"loc":{"start":{"line":246,"column":4},"end":{"line":254,"column":5}},"type":"if","locations":[{"start":{"line":246,"column":4},"end":{"line":254,"column":5}},{"start":{},"end":{}}],"line":246}},"s":{"0":2,"1":2,"2":2,"3":0,"4":0,"5":0,"6":0,"7":0,"8":0,"9":0,"10":0,"11":0,"12":0,"13":0,"14":0,"15":0,"16":0,"17":0,"18":0,"19":0,"20":0,"21":0,"22":0,"23":0},"f":{"0":0,"1":0},"b":{"0":[0,0],"1":[0,0]},"_coverageSchema":"1a1c01bbd47fc00a2c39e90264f33305004495a9","hash":"ae74b783dd5b49ecdf770e1d27c6b41bb44d38f9"}
,"D:\\ReactProject\\AIcoldstorage\\backend\\services\\reportService.js": {"path":"D:\\ReactProject\\AIcoldstorage\\backend\\services\\reportService.js","statementMap":{"0":{"start":{"line":7,"column":31},"end":{"line":63,"column":1}},"1":{"start":{"line":9,"column":15},"end":{"line":9,"column":30}},"2":{"start":{"line":11,"column":15},"end":{"line":11,"column":40}},"3":{"start":{"line":12,"column":16},"end":{"line":12,"column":43}},"4":{"start":{"line":13,"column":17},"end":{"line":13,"column":35}},"5":{"start":{"line":15,"column":15},"end":{"line":17,"column":28}},"6":{"start":{"line":19,"column":13},"end":{"line":21,"column":28}},"7":{"start":{"line":23,"column":17},"end":{"line":25,"column":9}},"8":{"start":{"line":27,"column":18},"end":{"line":29,"column":9}},"9":{"start":{"line":31,"column":18},"end":{"line":31,"column":32}},"10":{"start":{"line":33,"column":2},"end":{"line":33,"column":44}},"11":{"start":{"line":34,"column":2},"end":{"line":34,"column":40}},"12":{"start":{"line":35,"column":2},"end":{"line":35,"column":47}},"13":{"start":{"line":36,"column":2},"end":{"line":36,"column":49}},"14":{"start":{"line":37,"column":2},"end":{"line":37,"column":43}},"15":{"start":{"line":38,"column":2},"end":{"line":38,"column":41}},"16":{"start":{"line":40,"column":17},"end":{"line":60,"column":4}},"17":{"start":{"line":62,"column":2},"end":{"line":62,"column":26}},"18":{"start":{"line":69,"column":32},"end":{"line":125,"column":1}},"19":{"start":{"line":71,"column":15},"end":{"line":71,"column":30}},"20":{"start":{"line":73,"column":15},"end":{"line":73,"column":40}},"21":{"start":{"line":74,"column":16},"end":{"line":74,"column":43}},"22":{"start":{"line":75,"column":17},"end":{"line":75,"column":35}},"23":{"start":{"line":77,"column":15},"end":{"line":79,"column":28}},"24":{"start":{"line":81,"column":13},"end":{"line":83,"column":28}},"25":{"start":{"line":85,"column":17},"end":{"line":87,"column":9}},"26":{"start":{"line":89,"column":18},"end":{"line":91,"column":9}},"27":{"start":{"line":93,"column":18},"end":{"line":93,"column":32}},"28":{"start":{"line":95,"column":2},"end":{"line":95,"column":44}},"29":{"start":{"line":96,"column":2},"end":{"line":96,"column":40}},"30":{"start":{"line":97,"column":2},"end":{"line":97,"column":47}},"31":{"start":{"line":98,"column":2},"end":{"line":98,"column":49}},"32":{"start":{"line":99,"column":2},"end":{"line":99,"column":43}},"33":{"start":{"line":100,"column":2},"end":{"line":100,"column":41}},"34":{"start":{"line":102,"column":17},"end":{"line":122,"column":4}},"35":{"start":{"line":124,"column":2},"end":{"line":124,"column":26}},"36":{"start":{"line":131,"column":44},"end":{"line":230,"column":1}},"37":{"start":{"line":133,"column":15},"end":{"line":133,"column":30}},"38":{"start":{"line":135,"column":15},"end":{"line":135,"column":40}},"39":{"start":{"line":136,"column":16},"end":{"line":136,"column":43}},"40":{"start":{"line":137,"column":17},"end":{"line":137,"column":35}},"41":{"start":{"line":139,"column":15},"end":{"line":141,"column":28}},"42":{"start":{"line":143,"column":13},"end":{"line":145,"column":28}},"43":{"start":{"line":147,"column":17},"end":{"line":149,"column":9}},"44":{"start":{"line":151,"column":18},"end":{"line":153,"column":9}},"45":{"start":{"line":155,"column":18},"end":{"line":155,"column":32}},"46":{"start":{"line":157,"column":2},"end":{"line":157,"column":44}},"47":{"start":{"line":158,"column":2},"end":{"line":158,"column":40}},"48":{"start":{"line":159,"column":2},"end":{"line":159,"column":47}},"49":{"start":{"line":160,"column":2},"end":{"line":160,"column":49}},"50":{"start":{"line":161,"column":2},"end":{"line":161,"column":43}},"51":{"start":{"line":162,"column":2},"end":{"line":162,"column":41}},"52":{"start":{"line":164,"column":17},"end":{"line":227,"column":4}},"53":{"start":{"line":229,"column":2},"end":{"line":229,"column":26}},"54":{"start":{"line":235,"column":33},"end":{"line":270,"column":1}},"55":{"start":{"line":237,"column":15},"end":{"line":237,"column":30}},"56":{"start":{"line":239,"column":17},"end":{"line":259,"column":4}},"57":{"start":{"line":261,"column":15},"end":{"line":261,"column":34}},"58":{"start":{"line":263,"column":2},"end":{"line":269,"column":4}}},"fnMap":{"0":{"name":"(anonymous_0)","decl":{"start":{"line":7,"column":31},"end":{"line":7,"column":32}},"loc":{"start":{"line":7,"column":55},"end":{"line":63,"column":1}},"line":7},"1":{"name":"(anonymous_1)","decl":{"start":{"line":69,"column":32},"end":{"line":69,"column":33}},"loc":{"start":{"line":69,"column":56},"end":{"line":125,"column":1}},"line":69},"2":{"name":"(anonymous_2)","decl":{"start":{"line":131,"column":44},"end":{"line":131,"column":45}},"loc":{"start":{"line":131,"column":68},"end":{"line":230,"column":1}},"line":131},"3":{"name":"(anonymous_3)","decl":{"start":{"line":235,"column":33},"end":{"line":235,"column":34}},"loc":{"start":{"line":235,"column":45},"end":{"line":270,"column":1}},"line":235}},"branchMap":{"0":{"loc":{"start":{"line":7,"column":38},"end":{"line":7,"column":50}},"type":"default-arg","locations":[{"start":{"line":7,"column":48},"end":{"line":7,"column":50}}],"line":7},"1":{"loc":{"start":{"line":11,"column":15},"end":{"line":11,"column":40}},"type":"binary-expr","locations":[{"start":{"line":11,"column":15},"end":{"line":11,"column":35}},{"start":{"line":11,"column":39},"end":{"line":11,"column":40}}],"line":11},"2":{"loc":{"start":{"line":12,"column":16},"end":{"line":12,"column":43}},"type":"binary-expr","locations":[{"start":{"line":12,"column":16},"end":{"line":12,"column":37}},{"start":{"line":12,"column":41},"end":{"line":12,"column":43}}],"line":12},"3":{"loc":{"start":{"line":15,"column":15},"end":{"line":17,"column":28}},"type":"cond-expr","locations":[{"start":{"line":16,"column":6},"end":{"line":16,"column":28}},{"start":{"line":17,"column":6},"end":{"line":17,"column":28}}],"line":15},"4":{"loc":{"start":{"line":19,"column":13},"end":{"line":21,"column":28}},"type":"cond-expr","locations":[{"start":{"line":20,"column":6},"end":{"line":20,"column":26}},{"start":{"line":21,"column":6},"end":{"line":21,"column":28}}],"line":19},"5":{"loc":{"start":{"line":23,"column":17},"end":{"line":25,"column":9}},"type":"cond-expr","locations":[{"start":{"line":24,"column":6},"end":{"line":24,"column":27}},{"start":{"line":25,"column":6},"end":{"line":25,"column":9}}],"line":23},"6":{"loc":{"start":{"line":27,"column":18},"end":{"line":29,"column":9}},"type":"cond-expr","locations":[{"start":{"line":28,"column":6},"end":{"line":28,"column":28}},{"start":{"line":29,"column":6},"end":{"line":29,"column":9}}],"line":27},"7":{"loc":{"start":{"line":69,"column":39},"end":{"line":69,"column":51}},"type":"default-arg","locations":[{"start":{"line":69,"column":49},"end":{"line":69,"column":51}}],"line":69},"8":{"loc":{"start":{"line":73,"column":15},"end":{"line":73,"column":40}},"type":"binary-expr","locations":[{"start":{"line":73,"column":15},"end":{"line":73,"column":35}},{"start":{"line":73,"column":39},"end":{"line":73,"column":40}}],"line":73},"9":{"loc":{"start":{"line":74,"column":16},"end":{"line":74,"column":43}},"type":"binary-expr","locations":[{"start":{"line":74,"column":16},"end":{"line":74,"column":37}},{"start":{"line":74,"column":41},"end":{"line":74,"column":43}}],"line":74},"10":{"loc":{"start":{"line":77,"column":15},"end":{"line":79,"column":28}},"type":"cond-expr","locations":[{"start":{"line":78,"column":6},"end":{"line":78,"column":28}},{"start":{"line":79,"column":6},"end":{"line":79,"column":28}}],"line":77},"11":{"loc":{"start":{"line":81,"column":13},"end":{"line":83,"column":28}},"type":"cond-expr","locations":[{"start":{"line":82,"column":6},"end":{"line":82,"column":26}},{"start":{"line":83,"column":6},"end":{"line":83,"column":28}}],"line":81},"12":{"loc":{"start":{"line":85,"column":17},"end":{"line":87,"column":9}},"type":"cond-expr","locations":[{"start":{"line":86,"column":6},"end":{"line":86,"column":27}},{"start":{"line":87,"column":6},"end":{"line":87,"column":9}}],"line":85},"13":{"loc":{"start":{"line":89,"column":18},"end":{"line":91,"column":9}},"type":"cond-expr","locations":[{"start":{"line":90,"column":6},"end":{"line":90,"column":28}},{"start":{"line":91,"column":6},"end":{"line":91,"column":9}}],"line":89},"14":{"loc":{"start":{"line":131,"column":51},"end":{"line":131,"column":63}},"type":"default-arg","locations":[{"start":{"line":131,"column":61},"end":{"line":131,"column":63}}],"line":131},"15":{"loc":{"start":{"line":135,"column":15},"end":{"line":135,"column":40}},"type":"binary-expr","locations":[{"start":{"line":135,"column":15},"end":{"line":135,"column":35}},{"start":{"line":135,"column":39},"end":{"line":135,"column":40}}],"line":135},"16":{"loc":{"start":{"line":136,"column":16},"end":{"line":136,"column":43}},"type":"binary-expr","locations":[{"start":{"line":136,"column":16},"end":{"line":136,"column":37}},{"start":{"line":136,"column":41},"end":{"line":136,"column":43}}],"line":136},"17":{"loc":{"start":{"line":139,"column":15},"end":{"line":141,"column":28}},"type":"cond-expr","locations":[{"start":{"line":140,"column":6},"end":{"line":140,"column":28}},{"start":{"line":141,"column":6},"end":{"line":141,"column":28}}],"line":139},"18":{"loc":{"start":{"line":143,"column":13},"end":{"line":145,"column":28}},"type":"cond-expr","locations":[{"start":{"line":144,"column":6},"end":{"line":144,"column":26}},{"start":{"line":145,"column":6},"end":{"line":145,"column":28}}],"line":143},"19":{"loc":{"start":{"line":147,"column":17},"end":{"line":149,"column":9}},"type":"cond-expr","locations":[{"start":{"line":148,"column":6},"end":{"line":148,"column":27}},{"start":{"line":149,"column":6},"end":{"line":149,"column":9}}],"line":147},"20":{"loc":{"start":{"line":151,"column":18},"end":{"line":153,"column":9}},"type":"cond-expr","locations":[{"start":{"line":152,"column":6},"end":{"line":152,"column":28}},{"start":{"line":153,"column":6},"end":{"line":153,"column":9}}],"line":151}},"s":{"0":3,"1":0,"2":0,"3":0,"4":0,"5":0,"6":0,"7":0,"8":0,"9":0,"10":0,"11":0,"12":0,"13":0,"14":0,"15":0,"16":0,"17":0,"18":3,"19":0,"20":0,"21":0,"22":0,"23":0,"24":0,"25":0,"26":0,"27":0,"28":0,"29":0,"30":0,"31":0,"32":0,"33":0,"34":0,"35":0,"36":3,"37":0,"38":0,"39":0,"40":0,"41":0,"42":0,"43":0,"44":0,"45":0,"46":0,"47":0,"48":0,"49":0,"50":0,"51":0,"52":0,"53":0,"54":3,"55":2,"56":2,"57":1,"58":1},"f":{"0":0,"1":0,"2":0,"3":2},"b":{"0":[0],"1":[0,0],"2":[0,0],"3":[0,0],"4":[0,0],"5":[0,0],"6":[0,0],"7":[0],"8":[0,0],"9":[0,0],"10":[0,0],"11":[0,0],"12":[0,0],"13":[0,0],"14":[0],"15":[0,0],"16":[0,0],"17":[0,0],"18":[0,0],"19":[0,0],"20":[0,0]},"_coverageSchema":"1a1c01bbd47fc00a2c39e90264f33305004495a9","hash":"6352ddd44af34169258f0c739760e8aaa7698f3a"}
,"D:\\ReactProject\\AIcoldstorage\\backend\\services\\schema.js": {"path":"D:\\ReactProject\\AIcoldstorage\\backend\\services\\schema.js","statementMap":{"0":{"start":{"line":1,"column":22},"end":{"line":32,"column":1}}},"fnMap":{},"branchMap":{},"s":{"0":2},"f":{},"b":{},"_coverageSchema":"1a1c01bbd47fc00a2c39e90264f33305004495a9","hash":"5698fef430bd6f35fdfb4ef8d456372d990c3d89"}
,"D:\\ReactProject\\AIcoldstorage\\backend\\services\\sqlGuard.js": {"path":"D:\\ReactProject\\AIcoldstorage\\backend\\services\\sqlGuard.js","statementMap":{"0":{"start":{"line":2,"column":2},"end":{"line":4,"column":3}},"1":{"start":{"line":3,"column":4},"end":{"line":3,"column":54}},"2":{"start":{"line":6,"column":14},"end":{"line":10,"column":18}},"3":{"start":{"line":13,"column":2},"end":{"line":18,"column":3}},"4":{"start":{"line":14,"column":4},"end":{"line":17,"column":6}},"5":{"start":{"line":21,"column":18},"end":{"line":31,"column":3}},"6":{"start":{"line":33,"column":2},"end":{"line":40,"column":3}},"7":{"start":{"line":34,"column":4},"end":{"line":39,"column":5}},"8":{"start":{"line":35,"column":6},"end":{"line":38,"column":8}},"9":{"start":{"line":43,"column":2},"end":{"line":48,"column":3}},"10":{"start":{"line":44,"column":4},"end":{"line":47,"column":6}},"11":{"start":{"line":50,"column":2},"end":{"line":50,"column":25}}},"fnMap":{"0":{"name":"validateSQL","decl":{"start":{"line":1,"column":16},"end":{"line":1,"column":27}},"loc":{"start":{"line":1,"column":35},"end":{"line":51,"column":1}},"line":1}},"branchMap":{"0":{"loc":{"start":{"line":2,"column":2},"end":{"line":4,"column":3}},"type":"if","locations":[{"start":{"line":2,"column":2},"end":{"line":4,"column":3}},{"start":{},"end":{}}],"line":2},"1":{"loc":{"start":{"line":13,"column":2},"end":{"line":18,"column":3}},"type":"if","locations":[{"start":{"line":13,"column":2},"end":{"line":18,"column":3}},{"start":{},"end":{}}],"line":13},"2":{"loc":{"start":{"line":34,"column":4},"end":{"line":39,"column":5}},"type":"if","locations":[{"start":{"line":34,"column":4},"end":{"line":39,"column":5}},{"start":{},"end":{}}],"line":34},"3":{"loc":{"start":{"line":43,"column":2},"end":{"line":48,"column":3}},"type":"if","locations":[{"start":{"line":43,"column":2},"end":{"line":48,"column":3}},{"start":{},"end":{}}],"line":43}},"s":{"0":0,"1":0,"2":0,"3":0,"4":0,"5":0,"6":0,"7":0,"8":0,"9":0,"10":0,"11":0},"f":{"0":0},"b":{"0":[0,0],"1":[0,0],"2":[0,0],"3":[0,0]},"_coverageSchema":"1a1c01bbd47fc00a2c39e90264f33305004495a9","hash":"4772f7bffbf4dac97de43aafa4050c795ae7d602"}
,"D:\\ReactProject\\AIcoldstorage\\backend\\services\\sqlService.js": {"path":"D:\\ReactProject\\AIcoldstorage\\backend\\services\\sqlService.js","statementMap":{"0":{"start":{"line":4,"column":2},"end":{"line":13,"column":3}},"1":{"start":{"line":5,"column":17},"end":{"line":5,"column":32}},"2":{"start":{"line":7,"column":19},"end":{"line":7,"column":52}},"3":{"start":{"line":9,"column":4},"end":{"line":9,"column":34}},"4":{"start":{"line":11,"column":4},"end":{"line":11,"column":55}},"5":{"start":{"line":12,"column":4},"end":{"line":12,"column":14}}},"fnMap":{"0":{"name":"runQuery","decl":{"start":{"line":3,"column":22},"end":{"line":3,"column":30}},"loc":{"start":{"line":3,"column":38},"end":{"line":14,"column":1}},"line":3}},"branchMap":{"0":{"loc":{"start":{"line":9,"column":11},"end":{"line":9,"column":33}},"type":"binary-expr","locations":[{"start":{"line":9,"column":11},"end":{"line":9,"column":27}},{"start":{"line":9,"column":31},"end":{"line":9,"column":33}}],"line":9}},"s":{"0":0,"1":0,"2":0,"3":0,"4":0,"5":0},"f":{"0":0},"b":{"0":[0,0]},"_coverageSchema":"1a1c01bbd47fc00a2c39e90264f33305004495a9","hash":"704c89efa2d2bc3767bfcf7d87a1fc6e54d960ea"}
,"D:\\ReactProject\\AIcoldstorage\\backend\\services\\ai\\intentEngine.js": {"path":"D:\\ReactProject\\AIcoldstorage\\backend\\services\\ai\\intentEngine.js","statementMap":{"0":{"start":{"line":6,"column":12},"end":{"line":6,"column":41}},"1":{"start":{"line":11,"column":2},"end":{"line":18,"column":3}},"2":{"start":{"line":17,"column":4},"end":{"line":17,"column":27}},"3":{"start":{"line":23,"column":2},"end":{"line":29,"column":3}},"4":{"start":{"line":28,"column":4},"end":{"line":28,"column":28}},"5":{"start":{"line":34,"column":2},"end":{"line":40,"column":3}},"6":{"start":{"line":39,"column":4},"end":{"line":39,"column":27}},"7":{"start":{"line":45,"column":2},"end":{"line":52,"column":3}},"8":{"start":{"line":51,"column":4},"end":{"line":51,"column":31}},"9":{"start":{"line":57,"column":2},"end":{"line":63,"column":3}},"10":{"start":{"line":62,"column":4},"end":{"line":62,"column":26}},"11":{"start":{"line":68,"column":2},"end":{"line":68,"column":25}}},"fnMap":{"0":{"name":"detectIntent","decl":{"start":{"line":5,"column":16},"end":{"line":5,"column":28}},"loc":{"start":{"line":5,"column":39},"end":{"line":69,"column":1}},"line":5}},"branchMap":{"0":{"loc":{"start":{"line":11,"column":2},"end":{"line":18,"column":3}},"type":"if","locations":[{"start":{"line":11,"column":2},"end":{"line":18,"column":3}},{"start":{},"end":{}}],"line":11},"1":{"loc":{"start":{"line":12,"column":4},"end":{"line":15,"column":35}},"type":"binary-expr","locations":[{"start":{"line":12,"column":4},"end":{"line":12,"column":29}},{"start":{"line":13,"column":4},"end":{"line":13,"column":31}},{"start":{"line":14,"column":4},"end":{"line":14,"column":31}},{"start":{"line":15,"column":4},"end":{"line":15,"column":35}}],"line":12},"2":{"loc":{"start":{"line":23,"column":2},"end":{"line":29,"column":3}},"type":"if","locations":[{"start":{"line":23,"column":2},"end":{"line":29,"column":3}},{"start":{},"end":{}}],"line":23},"3":{"loc":{"start":{"line":24,"column":4},"end":{"line":26,"column":32}},"type":"binary-expr","locations":[{"start":{"line":24,"column":4},"end":{"line":24,"column":30}},{"start":{"line":25,"column":4},"end":{"line":25,"column":32}},{"start":{"line":26,"column":4},"end":{"line":26,"column":32}}],"line":24},"4":{"loc":{"start":{"line":34,"column":2},"end":{"line":40,"column":3}},"type":"if","locations":[{"start":{"line":34,"column":2},"end":{"line":40,"column":3}},{"start":{},"end":{}}],"line":34},"5":{"loc":{"start":{"line":35,"column":4},"end":{"line":37,"column":31}},"type":"binary-expr","locations":[{"start":{"line":35,"column":4},"end":{"line":35,"column":23}},{"start":{"line":36,"column":4},"end":{"line":36,"column":27}},{"start":{"line":37,"column":4},"end":{"line":37,"column":31}}],"line":35},"6":{"loc":{"start":{"line":45,"column":2},"end":{"line":52,"column":3}},"type":"if","locations":[{"start":{"line":45,"column":2},"end":{"line":52,"column":3}},{"start":{},"end":{}}],"line":45},"7":{"loc":{"start":{"line":46,"column":4},"end":{"line":49,"column":26}},"type":"binary-expr","locations":[{"start":{"line":46,"column":4},"end":{"line":46,"column":24}},{"start":{"line":47,"column":4},"end":{"line":47,"column":24}},{"start":{"line":48,"column":4},"end":{"line":48,"column":22}},{"start":{"line":49,"column":4},"end":{"line":49,"column":26}}],"line":46},"8":{"loc":{"start":{"line":57,"column":2},"end":{"line":63,"column":3}},"type":"if","locations":[{"start":{"line":57,"column":2},"end":{"line":63,"column":3}},{"start":{},"end":{}}],"line":57},"9":{"loc":{"start":{"line":58,"column":4},"end":{"line":60,"column":25}},"type":"binary-expr","locations":[{"start":{"line":58,"column":4},"end":{"line":58,"column":24}},{"start":{"line":59,"column":4},"end":{"line":59,"column":25}},{"start":{"line":60,"column":4},"end":{"line":60,"column":25}}],"line":58}},"s":{"0":0,"1":0,"2":0,"3":0,"4":0,"5":0,"6":0,"7":0,"8":0,"9":0,"10":0,"11":0},"f":{"0":0},"b":{"0":[0,0],"1":[0,0,0,0],"2":[0,0],"3":[0,0,0],"4":[0,0],"5":[0,0,0],"6":[0,0],"7":[0,0,0,0],"8":[0,0],"9":[0,0,0]},"_coverageSchema":"1a1c01bbd47fc00a2c39e90264f33305004495a9","hash":"21de13a0d8da1bdfc062d06df1bb3d5a6f7bf3b2"}
,"D:\\ReactProject\\AIcoldstorage\\backend\\services\\ai\\responseBuilder.js": {"path":"D:\\ReactProject\\AIcoldstorage\\backend\\services\\ai\\responseBuilder.js","statementMap":{"0":{"start":{"line":11,"column":2},"end":{"line":27,"column":3}},"1":{"start":{"line":16,"column":4},"end":{"line":26,"column":6}},"2":{"start":{"line":33,"column":14},"end":{"line":33,"column":21}},"3":{"start":{"line":36,"column":4},"end":{"line":36,"column":19}},"4":{"start":{"line":42,"column":2},"end":{"line":127,"column":3}},"5":{"start":{"line":54,"column":4},"end":{"line":126,"column":6}},"6":{"start":{"line":133,"column":2},"end":{"line":216,"column":3}},"7":{"start":{"line":145,"column":4},"end":{"line":215,"column":6}},"8":{"start":{"line":222,"column":2},"end":{"line":238,"column":3}},"9":{"start":{"line":224,"column":4},"end":{"line":237,"column":6}},"10":{"start":{"line":244,"column":2},"end":{"line":267,"column":4}},"11":{"start":{"line":261,"column":12},"end":{"line":261,"column":24}}},"fnMap":{"0":{"name":"buildERPResponse","decl":{"start":{"line":1,"column":16},"end":{"line":1,"column":32}},"loc":{"start":{"line":5,"column":3},"end":{"line":268,"column":1}},"line":5},"1":{"name":"(anonymous_1)","decl":{"start":{"line":259,"column":10},"end":{"line":259,"column":11}},"loc":{"start":{"line":261,"column":12},"end":{"line":261,"column":24}},"line":261}},"branchMap":{"0":{"loc":{"start":{"line":11,"column":2},"end":{"line":27,"column":3}},"type":"if","locations":[{"start":{"line":11,"column":2},"end":{"line":27,"column":3}},{"start":{},"end":{}}],"line":11},"1":{"loc":{"start":{"line":12,"column":4},"end":{"line":13,"column":21}},"type":"binary-expr","locations":[{"start":{"line":12,"column":4},"end":{"line":12,"column":24}},{"start":{"line":13,"column":4},"end":{"line":13,"column":21}}],"line":12},"2":{"loc":{"start":{"line":42,"column":2},"end":{"line":127,"column":3}},"type":"if","locations":[{"start":{"line":42,"column":2},"end":{"line":127,"column":3}},{"start":{},"end":{}}],"line":42},"3":{"loc":{"start":{"line":44,"column":4},"end":{"line":50,"column":17}},"type":"binary-expr","locations":[{"start":{"line":44,"column":4},"end":{"line":46,"column":26}},{"start":{"line":50,"column":4},"end":{"line":50,"column":17}}],"line":44},"4":{"loc":{"start":{"line":72,"column":12},"end":{"line":78,"column":15}},"type":"binary-expr","locations":[{"start":{"line":72,"column":12},"end":{"line":72,"column":21}},{"start":{"line":74,"column":12},"end":{"line":74,"column":25}},{"start":{"line":76,"column":12},"end":{"line":76,"column":25}},{"start":{"line":78,"column":12},"end":{"line":78,"column":15}}],"line":72},"5":{"loc":{"start":{"line":87,"column":12},"end":{"line":93,"column":15}},"type":"binary-expr","locations":[{"start":{"line":87,"column":12},"end":{"line":87,"column":26}},{"start":{"line":89,"column":12},"end":{"line":89,"column":28}},{"start":{"line":91,"column":12},"end":{"line":91,"column":25}},{"start":{"line":93,"column":12},"end":{"line":93,"column":15}}],"line":87},"6":{"loc":{"start":{"line":102,"column":12},"end":{"line":110,"column":19}},"type":"cond-expr","locations":[{"start":{"line":104,"column":16},"end":{"line":108,"column":17}},{"start":{"line":110,"column":16},"end":{"line":110,"column":19}}],"line":102},"7":{"loc":{"start":{"line":119,"column":12},"end":{"line":121,"column":20}},"type":"binary-expr","locations":[{"start":{"line":119,"column":12},"end":{"line":119,"column":22}},{"start":{"line":121,"column":12},"end":{"line":121,"column":20}}],"line":119},"8":{"loc":{"start":{"line":133,"column":2},"end":{"line":216,"column":3}},"type":"if","locations":[{"start":{"line":133,"column":2},"end":{"line":216,"column":3}},{"start":{},"end":{}}],"line":133},"9":{"loc":{"start":{"line":135,"column":4},"end":{"line":141,"column":17}},"type":"binary-expr","locations":[{"start":{"line":135,"column":4},"end":{"line":137,"column":25}},{"start":{"line":141,"column":4},"end":{"line":141,"column":17}}],"line":135},"10":{"loc":{"start":{"line":163,"column":12},"end":{"line":167,"column":15}},"type":"binary-expr","locations":[{"start":{"line":163,"column":12},"end":{"line":163,"column":24}},{"start":{"line":165,"column":12},"end":{"line":165,"column":20}},{"start":{"line":167,"column":12},"end":{"line":167,"column":15}}],"line":163},"11":{"loc":{"start":{"line":176,"column":12},"end":{"line":182,"column":15}},"type":"binary-expr","locations":[{"start":{"line":176,"column":12},"end":{"line":176,"column":26}},{"start":{"line":178,"column":12},"end":{"line":178,"column":28}},{"start":{"line":180,"column":12},"end":{"line":180,"column":25}},{"start":{"line":182,"column":12},"end":{"line":182,"column":15}}],"line":176},"12":{"loc":{"start":{"line":191,"column":12},"end":{"line":199,"column":19}},"type":"cond-expr","locations":[{"start":{"line":193,"column":16},"end":{"line":197,"column":17}},{"start":{"line":199,"column":16},"end":{"line":199,"column":19}}],"line":191},"13":{"loc":{"start":{"line":208,"column":12},"end":{"line":210,"column":17}},"type":"binary-expr","locations":[{"start":{"line":208,"column":12},"end":{"line":208,"column":22}},{"start":{"line":210,"column":12},"end":{"line":210,"column":17}}],"line":208},"14":{"loc":{"start":{"line":222,"column":2},"end":{"line":238,"column":3}},"type":"if","locations":[{"start":{"line":222,"column":2},"end":{"line":238,"column":3}},{"start":{},"end":{}}],"line":222}},"s":{"0":0,"1":0,"2":0,"3":0,"4":0,"5":0,"6":0,"7":0,"8":0,"9":0,"10":0,"11":0},"f":{"0":0,"1":0},"b":{"0":[0,0],"1":[0,0],"2":[0,0],"3":[0,0],"4":[0,0,0,0],"5":[0,0,0,0],"6":[0,0],"7":[0,0],"8":[0,0],"9":[0,0],"10":[0,0,0],"11":[0,0,0,0],"12":[0,0],"13":[0,0],"14":[0,0]},"_coverageSchema":"1a1c01bbd47fc00a2c39e90264f33305004495a9","hash":"0dcc8734cc60c89168c014748085768b859e942b"}
}
