TN:
SF:app.js
FN:28,(anonymous_0)
FN:32,(anonymous_1)
FNF:2
FNH:2
FNDA:1,(anonymous_0)
FNDA:1,(anonymous_1)
DA:11,2
DA:13,2
DA:15,2
DA:20,2
DA:23,2
DA:24,2
DA:25,2
DA:26,2
DA:28,2
DA:29,1
DA:32,2
DA:34,1
LF:12
LH:12
BRDA:16,0,0,2
BRDA:16,0,1,0
BRF:2
BRH:1
end_of_record
TN:
SF:config\db.js
FN:25,(anonymous_0)
FNF:1
FNH:0
FNDA:0,(anonymous_0)
DA:4,2
DA:6,2
DA:22,2
DA:25,2
DA:26,0
DA:27,0
DA:28,0
DA:30,0
LF:8
LH:4
BRDA:26,0,0,0
BRDA:26,0,1,0
BRF:2
BRH:0
end_of_record
TN:
SF:controllers\authController.js
FN:9,(anonymous_0)
FNF:1
FNH:1
FNDA:1,(anonymous_0)
DA:4,2
DA:6,2
DA:7,2
DA:9,2
DA:10,1
DA:11,1
DA:13,1
DA:14,0
DA:17,1
DA:23,1
DA:26,0
LF:11
LH:9
BRDA:13,0,0,0
BRDA:13,0,1,1
BRDA:13,1,0,1
BRDA:13,1,1,1
BRF:4
BRH:3
end_of_record
TN:
SF:controllers\reportController.js
FN:8,(anonymous_0)
FN:24,(anonymous_1)
FN:33,(anonymous_2)
FN:53,(anonymous_3)
FNF:4
FNH:0
FNDA:0,(anonymous_0)
FNDA:0,(anonymous_1)
FNDA:0,(anonymous_2)
FNDA:0,(anonymous_3)
DA:8,2
DA:9,0
DA:10,0
DA:12,0
DA:13,0
DA:16,0
DA:17,0
DA:24,2
DA:25,0
DA:26,0
DA:27,0
DA:29,0
DA:33,2
DA:34,0
DA:36,0
DA:38,0
DA:40,0
DA:44,0
DA:46,0
DA:53,2
DA:54,0
DA:55,0
DA:56,0
DA:58,0
DA:59,0
LF:25
LH:4
BRF:0
BRH:0
end_of_record
TN:
SF:middleware\authMiddleware.js
FN:6,(anonymous_0)
FNF:1
FNH:1
FNDA:3,(anonymous_0)
DA:4,2
DA:6,2
DA:7,3
DA:9,3
DA:10,1
DA:13,2
DA:14,2
DA:16,1
DA:17,0
DA:20,1
DA:21,1
DA:24,1
LF:12
LH:11
BRDA:9,0,0,1
BRDA:9,0,1,2
BRDA:16,1,0,0
BRDA:16,1,1,1
BRF:4
BRH:3
end_of_record
TN:
SF:routes\aiRoutes.js
FNF:0
FNH:0
DA:4,2
DA:6,2
LF:2
LH:2
BRF:0
BRH:0
end_of_record
TN:
SF:routes\authRoutes.js
FNF:0
FNH:0
DA:4,2
DA:6,2
LF:2
LH:2
BRF:0
BRH:0
end_of_record
TN:
SF:routes\dashboardRoutes.js
FN:10,(anonymous_0)
FN:44,(anonymous_1)
FNF:2
FNH:0
FNDA:0,(anonymous_0)
FNDA:0,(anonymous_1)
DA:4,2
DA:10,2
DA:11,0
DA:12,0
DA:14,0
DA:18,0
DA:22,0
DA:28,0
DA:35,0
DA:36,0
DA:44,2
DA:45,0
DA:46,0
DA:48,0
DA:76,0
DA:79,0
DA:80,0
LF:17
LH:3
BRF:0
BRH:0
end_of_record
TN:
SF:routes\reportRoutes.js
FNF:0
FNH:0
DA:10,2
DA:12,2
DA:18,2
DA:25,2
DA:31,2
LF:5
LH:5
BRF:0
BRH:0
end_of_record
TN:
SF:services\aiService.js
FN:14,cleanAIText
FN:41,(anonymous_1)
FNF:2
FNH:0
FNDA:0,cleanAIText
FNDA:0,(anonymous_1)
DA:16,0
DA:41,2
DA:46,0
DA:48,0
DA:54,0
DA:56,0
DA:68,0
DA:72,0
DA:76,0
DA:83,0
DA:85,0
DA:94,0
DA:98,0
DA:118,0
DA:123,0
DA:125,0
DA:140,0
DA:144,0
DA:151,0
DA:157,0
DA:159,0
DA:163,0
DA:182,0
DA:187,0
DA:195,0
DA:197,0
DA:217,0
DA:219,0
DA:229,0
DA:241,0
DA:243,0
DA:249,0
DA:251,0
DA:257,0
DA:259,0
DA:269,0
DA:291,0
DA:296,0
LF:38
LH:1
BRDA:14,0,0,0
BRDA:54,1,0,0
BRDA:54,1,1,0
BRDA:94,2,0,0
BRDA:94,2,1,0
BRDA:123,3,0,0
BRDA:123,3,1,0
BRDA:157,4,0,0
BRDA:157,4,1,0
BRDA:195,5,0,0
BRDA:195,5,1,0
BRDA:221,6,0,0
BRDA:221,6,1,0
BRDA:241,7,0,0
BRDA:241,7,1,0
BRDA:249,8,0,0
BRDA:249,8,1,0
BRDA:257,9,0,0
BRDA:257,9,1,0
BRDA:279,10,0,0
BRDA:279,10,1,0
BRDA:281,11,0,0
BRDA:281,11,1,0
BRF:23
BRH:0
end_of_record
TN:
SF:services\geminiService.js
FN:26,generateSQL
FN:242,(anonymous_1)
FNF:2
FNH:0
FNDA:0,generateSQL
FNDA:0,(anonymous_1)
DA:6,2
DA:13,2
DA:18,2
DA:31,0
DA:33,0
DA:175,0
DA:180,0
DA:183,0
DA:189,0
DA:201,0
DA:205,0
DA:212,0
DA:216,0
DA:220,0
DA:225,0
DA:230,0
DA:242,0
DA:243,0
DA:246,0
DA:248,0
DA:253,0
DA:256,0
DA:260,0
DA:265,0
LF:24
LH:3
BRDA:216,0,0,0
BRDA:216,0,1,0
BRDA:246,1,0,0
BRDA:246,1,1,0
BRF:4
BRH:0
end_of_record
TN:
SF:services\reportService.js
FN:7,(anonymous_0)
FN:69,(anonymous_1)
FN:131,(anonymous_2)
FN:235,(anonymous_3)
FNF:4
FNH:1
FNDA:0,(anonymous_0)
FNDA:0,(anonymous_1)
FNDA:0,(anonymous_2)
FNDA:2,(anonymous_3)
DA:7,3
DA:9,0
DA:11,0
DA:12,0
DA:13,0
DA:15,0
DA:19,0
DA:23,0
DA:27,0
DA:31,0
DA:33,0
DA:34,0
DA:35,0
DA:36,0
DA:37,0
DA:38,0
DA:40,0
DA:62,0
DA:69,3
DA:71,0
DA:73,0
DA:74,0
DA:75,0
DA:77,0
DA:81,0
DA:85,0
DA:89,0
DA:93,0
DA:95,0
DA:96,0
DA:97,0
DA:98,0
DA:99,0
DA:100,0
DA:102,0
DA:124,0
DA:131,3
DA:133,0
DA:135,0
DA:136,0
DA:137,0
DA:139,0
DA:143,0
DA:147,0
DA:151,0
DA:155,0
DA:157,0
DA:158,0
DA:159,0
DA:160,0
DA:161,0
DA:162,0
DA:164,0
DA:229,0
DA:235,3
DA:237,2
DA:239,2
DA:261,1
DA:263,1
LF:59
LH:8
BRDA:7,0,0,0
BRDA:11,1,0,0
BRDA:11,1,1,0
BRDA:12,2,0,0
BRDA:12,2,1,0
BRDA:15,3,0,0
BRDA:15,3,1,0
BRDA:19,4,0,0
BRDA:19,4,1,0
BRDA:23,5,0,0
BRDA:23,5,1,0
BRDA:27,6,0,0
BRDA:27,6,1,0
BRDA:69,7,0,0
BRDA:73,8,0,0
BRDA:73,8,1,0
BRDA:74,9,0,0
BRDA:74,9,1,0
BRDA:77,10,0,0
BRDA:77,10,1,0
BRDA:81,11,0,0
BRDA:81,11,1,0
BRDA:85,12,0,0
BRDA:85,12,1,0
BRDA:89,13,0,0
BRDA:89,13,1,0
BRDA:131,14,0,0
BRDA:135,15,0,0
BRDA:135,15,1,0
BRDA:136,16,0,0
BRDA:136,16,1,0
BRDA:139,17,0,0
BRDA:139,17,1,0
BRDA:143,18,0,0
BRDA:143,18,1,0
BRDA:147,19,0,0
BRDA:147,19,1,0
BRDA:151,20,0,0
BRDA:151,20,1,0
BRF:39
BRH:0
end_of_record
TN:
SF:services\schema.js
FNF:0
FNH:0
DA:1,2
LF:1
LH:1
BRF:0
BRH:0
end_of_record
TN:
SF:services\sqlGuard.js
FN:1,validateSQL
FNF:1
FNH:0
FNDA:0,validateSQL
DA:2,0
DA:3,0
DA:6,0
DA:13,0
DA:14,0
DA:21,0
DA:33,0
DA:34,0
DA:35,0
DA:43,0
DA:44,0
DA:50,0
LF:12
LH:0
BRDA:2,0,0,0
BRDA:2,0,1,0
BRDA:13,1,0,0
BRDA:13,1,1,0
BRDA:34,2,0,0
BRDA:34,2,1,0
BRDA:43,3,0,0
BRDA:43,3,1,0
BRF:8
BRH:0
end_of_record
TN:
SF:services\sqlService.js
FN:3,runQuery
FNF:1
FNH:0
FNDA:0,runQuery
DA:4,0
DA:5,0
DA:7,0
DA:9,0
DA:11,0
DA:12,0
LF:6
LH:0
BRDA:9,0,0,0
BRDA:9,0,1,0
BRF:2
BRH:0
end_of_record
TN:
SF:services\ai\intentEngine.js
FN:5,detectIntent
FNF:1
FNH:0
FNDA:0,detectIntent
DA:6,0
DA:11,0
DA:17,0
DA:23,0
DA:28,0
DA:34,0
DA:39,0
DA:45,0
DA:51,0
DA:57,0
DA:62,0
DA:68,0
LF:12
LH:0
BRDA:11,0,0,0
BRDA:11,0,1,0
BRDA:12,1,0,0
BRDA:12,1,1,0
BRDA:12,1,2,0
BRDA:12,1,3,0
BRDA:23,2,0,0
BRDA:23,2,1,0
BRDA:24,3,0,0
BRDA:24,3,1,0
BRDA:24,3,2,0
BRDA:34,4,0,0
BRDA:34,4,1,0
BRDA:35,5,0,0
BRDA:35,5,1,0
BRDA:35,5,2,0
BRDA:45,6,0,0
BRDA:45,6,1,0
BRDA:46,7,0,0
BRDA:46,7,1,0
BRDA:46,7,2,0
BRDA:46,7,3,0
BRDA:57,8,0,0
BRDA:57,8,1,0
BRDA:58,9,0,0
BRDA:58,9,1,0
BRDA:58,9,2,0
BRF:27
BRH:0
end_of_record
TN:
SF:services\ai\responseBuilder.js
FN:1,buildERPResponse
FN:259,(anonymous_1)
FNF:2
FNH:0
FNDA:0,buildERPResponse
FNDA:0,(anonymous_1)
DA:11,0
DA:16,0
DA:33,0
DA:36,0
DA:42,0
DA:54,0
DA:133,0
DA:145,0
DA:222,0
DA:224,0
DA:244,0
DA:261,0
LF:12
LH:0
BRDA:11,0,0,0
BRDA:11,0,1,0
BRDA:12,1,0,0
BRDA:12,1,1,0
BRDA:42,2,0,0
BRDA:42,2,1,0
BRDA:44,3,0,0
BRDA:44,3,1,0
BRDA:72,4,0,0
BRDA:72,4,1,0
BRDA:72,4,2,0
BRDA:72,4,3,0
BRDA:87,5,0,0
BRDA:87,5,1,0
BRDA:87,5,2,0
BRDA:87,5,3,0
BRDA:102,6,0,0
BRDA:102,6,1,0
BRDA:119,7,0,0
BRDA:119,7,1,0
BRDA:133,8,0,0
BRDA:133,8,1,0
BRDA:135,9,0,0
BRDA:135,9,1,0
BRDA:163,10,0,0
BRDA:163,10,1,0
BRDA:163,10,2,0
BRDA:176,11,0,0
BRDA:176,11,1,0
BRDA:176,11,2,0
BRDA:176,11,3,0
BRDA:191,12,0,0
BRDA:191,12,1,0
BRDA:208,13,0,0
BRDA:208,13,1,0
BRDA:222,14,0,0
BRDA:222,14,1,0
BRF:37
BRH:0
end_of_record
